<?xml version="1.0" encoding="UTF-8"?>
<!-- Generated by org.testng.reporters.JUnitReportReporter -->
<testsuite hostname="DESKTOP-SF1BCL8" failures="0" tests="1" name="testPlan.TestCase1" time="9.991" errors="0" timestamp="17 Apr 2022 12:48:03 GMT">
  <testcase classname="testPlan.TestCase1" name="launchBrowser" time="9.991"/>
</testsuite> <!-- testPlan.TestCase1 -->
