<?xml version="1.0" encoding="UTF-8"?>
<!-- Generated by org.testng.reporters.JUnitReportReporter -->
<testsuite hostname="DESKTOP-SF1BCL8" failures="0" tests="1" name="TestCase1" time="9.159" errors="0" timestamp="17 Apr 2022 12:45:19 GMT">
  <testcase classname="TestCase1" name="launchBrowser" time="9.159"/>
</testsuite> <!-- TestCase1 -->
